    Finished release [optimized] target(s) in 0.20s
     Running `target/release/pytorch-example`
epoch:    1 train loss:  2.32583 test acc: 16.25% is cuda: true
epoch:    2 train loss:  2.16593 test acc: 31.27% is cuda: true
epoch:    3 train loss:  2.02401 test acc: 45.48% is cuda: true
epoch:    4 train loss:  1.89377 test acc: 55.89% is cuda: true
epoch:    5 train loss:  1.77140 test acc: 63.14% is cuda: true
epoch:    6 train loss:  1.65479 test acc: 68.68% is cuda: true
epoch:    7 train loss:  1.54320 test acc: 72.18% is cuda: true
epoch:    8 train loss:  1.43691 test acc: 74.80% is cuda: true
epoch:    9 train loss:  1.33688 test acc: 76.54% is cuda: true
epoch:   10 train loss:  1.24382 test acc: 78.06% is cuda: true
epoch:   11 train loss:  1.15804 test acc: 78.80% is cuda: true
epoch:   12 train loss:  1.07942 test acc: 79.90% is cuda: true
epoch:   13 train loss:  1.00772 test acc: 80.60% is cuda: true
epoch:   14 train loss:  0.94264 test acc: 81.28% is cuda: true
epoch:   15 train loss:  0.88394 test acc: 82.04% is cuda: true
epoch:   16 train loss:  0.83141 test acc: 82.55% is cuda: true
epoch:   17 train loss:  0.78468 test acc: 82.93% is cuda: true
epoch:   18 train loss:  0.74310 test acc: 83.58% is cuda: true
epoch:   19 train loss:  0.70597 test acc: 84.24% is cuda: true
epoch:   20 train loss:  0.67274 test acc: 84.86% is cuda: true
epoch:   21 train loss:  0.64299 test acc: 85.35% is cuda: true
epoch:   22 train loss:  0.61640 test acc: 85.90% is cuda: true
epoch:   23 train loss:  0.59259 test acc: 86.29% is cuda: true
epoch:   24 train loss:  0.57119 test acc: 86.71% is cuda: true
epoch:   25 train loss:  0.55191 test acc: 87.00% is cuda: true
epoch:   26 train loss:  0.53446 test acc: 87.36% is cuda: true
epoch:   27 train loss:  0.51863 test acc: 87.62% is cuda: true
epoch:   28 train loss:  0.50420 test acc: 87.93% is cuda: true
epoch:   29 train loss:  0.49100 test acc: 88.03% is cuda: true
epoch:   30 train loss:  0.47885 test acc: 88.28% is cuda: true
epoch:   31 train loss:  0.46767 test acc: 88.41% is cuda: true
epoch:   32 train loss:  0.45735 test acc: 88.60% is cuda: true
epoch:   33 train loss:  0.44780 test acc: 88.76% is cuda: true
epoch:   34 train loss:  0.43891 test acc: 88.90% is cuda: true
epoch:   35 train loss:  0.43059 test acc: 89.08% is cuda: true
epoch:   36 train loss:  0.42279 test acc: 89.30% is cuda: true
epoch:   37 train loss:  0.41548 test acc: 89.50% is cuda: true
epoch:   38 train loss:  0.40861 test acc: 89.67% is cuda: true
epoch:   39 train loss:  0.40211 test acc: 89.86% is cuda: true
epoch:   40 train loss:  0.39595 test acc: 90.02% is cuda: true
epoch:   41 train loss:  0.39009 test acc: 90.18% is cuda: true
epoch:   42 train loss:  0.38455 test acc: 90.34% is cuda: true
epoch:   43 train loss:  0.37929 test acc: 90.39% is cuda: true
epoch:   44 train loss:  0.37431 test acc: 90.46% is cuda: true
epoch:   45 train loss:  0.36956 test acc: 90.56% is cuda: true
epoch:   46 train loss:  0.36504 test acc: 90.62% is cuda: true
epoch:   47 train loss:  0.36073 test acc: 90.77% is cuda: true
epoch:   48 train loss:  0.35662 test acc: 90.91% is cuda: true
epoch:   49 train loss:  0.35270 test acc: 90.93% is cuda: true
epoch:   50 train loss:  0.34895 test acc: 91.05% is cuda: true
epoch:   51 train loss:  0.34534 test acc: 91.12% is cuda: true
epoch:   52 train loss:  0.34186 test acc: 91.20% is cuda: true
epoch:   53 train loss:  0.33851 test acc: 91.26% is cuda: true
epoch:   54 train loss:  0.33528 test acc: 91.33% is cuda: true
epoch:   55 train loss:  0.33216 test acc: 91.42% is cuda: true
epoch:   56 train loss:  0.32914 test acc: 91.49% is cuda: true
epoch:   57 train loss:  0.32623 test acc: 91.53% is cuda: true
epoch:   58 train loss:  0.32341 test acc: 91.61% is cuda: true
epoch:   59 train loss:  0.32068 test acc: 91.71% is cuda: true
epoch:   60 train loss:  0.31803 test acc: 91.76% is cuda: true
epoch:   61 train loss:  0.31544 test acc: 91.81% is cuda: true
epoch:   62 train loss:  0.31292 test acc: 91.83% is cuda: true
epoch:   63 train loss:  0.31047 test acc: 91.93% is cuda: true
epoch:   64 train loss:  0.30808 test acc: 92.03% is cuda: true
epoch:   65 train loss:  0.30575 test acc: 92.07% is cuda: true
epoch:   66 train loss:  0.30348 test acc: 92.11% is cuda: true
epoch:   67 train loss:  0.30126 test acc: 92.13% is cuda: true
epoch:   68 train loss:  0.29909 test acc: 92.18% is cuda: true
epoch:   69 train loss:  0.29696 test acc: 92.24% is cuda: true
epoch:   70 train loss:  0.29488 test acc: 92.28% is cuda: true
epoch:   71 train loss:  0.29284 test acc: 92.36% is cuda: true
epoch:   72 train loss:  0.29083 test acc: 92.39% is cuda: true
epoch:   73 train loss:  0.28886 test acc: 92.42% is cuda: true
epoch:   74 train loss:  0.28693 test acc: 92.46% is cuda: true
epoch:   75 train loss:  0.28504 test acc: 92.54% is cuda: true
epoch:   76 train loss:  0.28318 test acc: 92.58% is cuda: true
epoch:   77 train loss:  0.28135 test acc: 92.60% is cuda: true
epoch:   78 train loss:  0.27956 test acc: 92.68% is cuda: true
epoch:   79 train loss:  0.27779 test acc: 92.70% is cuda: true
epoch:   80 train loss:  0.27605 test acc: 92.70% is cuda: true
epoch:   81 train loss:  0.27435 test acc: 92.70% is cuda: true
epoch:   82 train loss:  0.27267 test acc: 92.73% is cuda: true
epoch:   83 train loss:  0.27102 test acc: 92.74% is cuda: true
epoch:   84 train loss:  0.26940 test acc: 92.75% is cuda: true
epoch:   85 train loss:  0.26781 test acc: 92.79% is cuda: true
epoch:   86 train loss:  0.26624 test acc: 92.81% is cuda: true
epoch:   87 train loss:  0.26470 test acc: 92.84% is cuda: true
epoch:   88 train loss:  0.26318 test acc: 92.91% is cuda: true
epoch:   89 train loss:  0.26168 test acc: 92.92% is cuda: true
epoch:   90 train loss:  0.26021 test acc: 92.95% is cuda: true
epoch:   91 train loss:  0.25876 test acc: 92.97% is cuda: true
epoch:   92 train loss:  0.25732 test acc: 92.99% is cuda: true
epoch:   93 train loss:  0.25591 test acc: 93.03% is cuda: true
epoch:   94 train loss:  0.25451 test acc: 93.04% is cuda: true
epoch:   95 train loss:  0.25313 test acc: 93.07% is cuda: true
epoch:   96 train loss:  0.25177 test acc: 93.07% is cuda: true
epoch:   97 train loss:  0.25043 test acc: 93.17% is cuda: true
epoch:   98 train loss:  0.24910 test acc: 93.20% is cuda: true
epoch:   99 train loss:  0.24779 test acc: 93.21% is cuda: true
epoch:  100 train loss:  0.24649 test acc: 93.23% is cuda: true
epoch:  101 train loss:  0.24521 test acc: 93.27% is cuda: true
epoch:  102 train loss:  0.24394 test acc: 93.28% is cuda: true
epoch:  103 train loss:  0.24269 test acc: 93.31% is cuda: true
epoch:  104 train loss:  0.24145 test acc: 93.34% is cuda: true
epoch:  105 train loss:  0.24022 test acc: 93.38% is cuda: true
epoch:  106 train loss:  0.23901 test acc: 93.41% is cuda: true
epoch:  107 train loss:  0.23781 test acc: 93.46% is cuda: true
epoch:  108 train loss:  0.23662 test acc: 93.49% is cuda: true
epoch:  109 train loss:  0.23544 test acc: 93.50% is cuda: true
epoch:  110 train loss:  0.23428 test acc: 93.56% is cuda: true
epoch:  111 train loss:  0.23313 test acc: 93.60% is cuda: true
epoch:  112 train loss:  0.23198 test acc: 93.64% is cuda: true
epoch:  113 train loss:  0.23085 test acc: 93.69% is cuda: true
epoch:  114 train loss:  0.22972 test acc: 93.71% is cuda: true
epoch:  115 train loss:  0.22861 test acc: 93.72% is cuda: true
epoch:  116 train loss:  0.22750 test acc: 93.74% is cuda: true
epoch:  117 train loss:  0.22641 test acc: 93.79% is cuda: true
epoch:  118 train loss:  0.22532 test acc: 93.82% is cuda: true
epoch:  119 train loss:  0.22425 test acc: 93.86% is cuda: true
epoch:  120 train loss:  0.22318 test acc: 93.89% is cuda: true
epoch:  121 train loss:  0.22212 test acc: 93.92% is cuda: true
epoch:  122 train loss:  0.22108 test acc: 93.93% is cuda: true
epoch:  123 train loss:  0.22004 test acc: 93.95% is cuda: true
epoch:  124 train loss:  0.21901 test acc: 93.97% is cuda: true
epoch:  125 train loss:  0.21799 test acc: 93.97% is cuda: true
epoch:  126 train loss:  0.21698 test acc: 93.98% is cuda: true
epoch:  127 train loss:  0.21597 test acc: 93.99% is cuda: true
epoch:  128 train loss:  0.21498 test acc: 94.05% is cuda: true
epoch:  129 train loss:  0.21399 test acc: 94.05% is cuda: true
epoch:  130 train loss:  0.21301 test acc: 94.08% is cuda: true
epoch:  131 train loss:  0.21204 test acc: 94.09% is cuda: true
epoch:  132 train loss:  0.21108 test acc: 94.14% is cuda: true
epoch:  133 train loss:  0.21012 test acc: 94.16% is cuda: true
epoch:  134 train loss:  0.20917 test acc: 94.17% is cuda: true
epoch:  135 train loss:  0.20823 test acc: 94.19% is cuda: true
epoch:  136 train loss:  0.20730 test acc: 94.23% is cuda: true
epoch:  137 train loss:  0.20637 test acc: 94.26% is cuda: true
epoch:  138 train loss:  0.20545 test acc: 94.28% is cuda: true
epoch:  139 train loss:  0.20454 test acc: 94.29% is cuda: true
epoch:  140 train loss:  0.20363 test acc: 94.29% is cuda: true
epoch:  141 train loss:  0.20273 test acc: 94.32% is cuda: true
epoch:  142 train loss:  0.20184 test acc: 94.32% is cuda: true
epoch:  143 train loss:  0.20095 test acc: 94.33% is cuda: true
epoch:  144 train loss:  0.20007 test acc: 94.33% is cuda: true
epoch:  145 train loss:  0.19920 test acc: 94.36% is cuda: true
epoch:  146 train loss:  0.19833 test acc: 94.36% is cuda: true
epoch:  147 train loss:  0.19747 test acc: 94.38% is cuda: true
epoch:  148 train loss:  0.19661 test acc: 94.40% is cuda: true
epoch:  149 train loss:  0.19575 test acc: 94.41% is cuda: true
epoch:  150 train loss:  0.19490 test acc: 94.42% is cuda: true
epoch:  151 train loss:  0.19406 test acc: 94.46% is cuda: true
epoch:  152 train loss:  0.19322 test acc: 94.46% is cuda: true
epoch:  153 train loss:  0.19239 test acc: 94.51% is cuda: true
epoch:  154 train loss:  0.19156 test acc: 94.53% is cuda: true
epoch:  155 train loss:  0.19074 test acc: 94.57% is cuda: true
epoch:  156 train loss:  0.18993 test acc: 94.60% is cuda: true
epoch:  157 train loss:  0.18911 test acc: 94.61% is cuda: true
epoch:  158 train loss:  0.18831 test acc: 94.61% is cuda: true
epoch:  159 train loss:  0.18751 test acc: 94.65% is cuda: true
epoch:  160 train loss:  0.18671 test acc: 94.67% is cuda: true
epoch:  161 train loss:  0.18592 test acc: 94.69% is cuda: true
epoch:  162 train loss:  0.18513 test acc: 94.72% is cuda: true
epoch:  163 train loss:  0.18435 test acc: 94.73% is cuda: true
epoch:  164 train loss:  0.18357 test acc: 94.77% is cuda: true
epoch:  165 train loss:  0.18280 test acc: 94.78% is cuda: true
epoch:  166 train loss:  0.18203 test acc: 94.78% is cuda: true
epoch:  167 train loss:  0.18126 test acc: 94.79% is cuda: true
epoch:  168 train loss:  0.18050 test acc: 94.80% is cuda: true
epoch:  169 train loss:  0.17974 test acc: 94.84% is cuda: true
epoch:  170 train loss:  0.17899 test acc: 94.84% is cuda: true
epoch:  171 train loss:  0.17824 test acc: 94.84% is cuda: true
epoch:  172 train loss:  0.17750 test acc: 94.84% is cuda: true
epoch:  173 train loss:  0.17676 test acc: 94.86% is cuda: true
epoch:  174 train loss:  0.17602 test acc: 94.88% is cuda: true
epoch:  175 train loss:  0.17529 test acc: 94.89% is cuda: true
epoch:  176 train loss:  0.17457 test acc: 94.90% is cuda: true
epoch:  177 train loss:  0.17385 test acc: 94.91% is cuda: true
epoch:  178 train loss:  0.17313 test acc: 94.92% is cuda: true
epoch:  179 train loss:  0.17242 test acc: 94.92% is cuda: true
epoch:  180 train loss:  0.17171 test acc: 94.92% is cuda: true
epoch:  181 train loss:  0.17101 test acc: 94.94% is cuda: true
epoch:  182 train loss:  0.17030 test acc: 94.96% is cuda: true
epoch:  183 train loss:  0.16961 test acc: 94.96% is cuda: true
epoch:  184 train loss:  0.16891 test acc: 94.97% is cuda: true
epoch:  185 train loss:  0.16823 test acc: 95.00% is cuda: true
epoch:  186 train loss:  0.16754 test acc: 95.05% is cuda: true
epoch:  187 train loss:  0.16686 test acc: 95.11% is cuda: true
epoch:  188 train loss:  0.16618 test acc: 95.15% is cuda: true
epoch:  189 train loss:  0.16551 test acc: 95.16% is cuda: true
epoch:  190 train loss:  0.16484 test acc: 95.16% is cuda: true
epoch:  191 train loss:  0.16418 test acc: 95.16% is cuda: true
epoch:  192 train loss:  0.16352 test acc: 95.17% is cuda: true
epoch:  193 train loss:  0.16286 test acc: 95.20% is cuda: true
epoch:  194 train loss:  0.16220 test acc: 95.19% is cuda: true
epoch:  195 train loss:  0.16155 test acc: 95.19% is cuda: true
epoch:  196 train loss:  0.16091 test acc: 95.25% is cuda: true
epoch:  197 train loss:  0.16027 test acc: 95.25% is cuda: true
epoch:  198 train loss:  0.15963 test acc: 95.29% is cuda: true
epoch:  199 train loss:  0.15899 test acc: 95.30% is cuda: true
Training time 1.371096334 seconds
